<?xml version="1.0" encoding="UTF-8"?>
<!-- Generated by org.testng.reporters.JUnitXMLReporter -->
<testsuite ignored="0" hostname="DESKTOP-BN365KO" failures="0" tests="1" name="TaskNopcommerce" time="0.439" errors="0" timestamp="2023-06-16T20:34:28 EET">
  <testcase classname="testcases.TestBase" name="@BeforeMethod setupDriver" time="-1.686940468413E9">
    <failure type="org.testng.TestNGException" message="
Parameter &amp;apos;browser&amp;apos; is required by BeforeMethod on method setupDriver but has not been marked @Optional or defined
in C:\Users\Mona\AppData\Local\JetBrains\IdeaIC2023.1\temp-testng-customsuite.xml">
      <![CDATA[org.testng.TestNGException: 
Parameter 'browser' is required by BeforeMethod on method setupDriver but has not been marked @Optional or defined
in C:\Users\Mona\AppData\Local\JetBrains\IdeaIC2023.1\temp-testng-customsuite.xml
at java.base/java.util.ArrayList.forEach(ArrayList.java:1511)
at com.intellij.rt.testng.IDEARemoteTestNG.run(IDEARemoteTestNG.java:66)
at com.intellij.rt.testng.RemoteTestNGStarter.main(RemoteTestNGStarter.java:105)
... Removed 25 stack frames]]>
    </failure>
  </testcase> <!-- @BeforeMethod setupDriver -->
  <testcase classname="testcases.TestBase" name="@AfterMethod getResult" time="0.0">
    <skipped/>
  </testcase> <!-- @AfterMethod getResult -->
  <testcase classname="testcases.TC05_AddToCart" name="login" time="0.0">
    <skipped/>
  </testcase> <!-- login -->
</testsuite> <!-- TaskNopcommerce -->
